e:\codes\vs codes\softwaresecurity\injectdll\innjectdll\debug\injectdll.pch
e:\codes\vs codes\softwaresecurity\injectdll\innjectdll\debug\vc142.pdb
e:\codes\vs codes\softwaresecurity\injectdll\innjectdll\debug\vc142.idb
e:\codes\vs codes\softwaresecurity\injectdll\innjectdll\debug\pch.obj
e:\codes\vs codes\softwaresecurity\injectdll\innjectdll\debug\dllmain.obj
e:\codes\softwaresecurity\injectdll\innjectdll\debug\injectdll.pch
e:\codes\softwaresecurity\injectdll\innjectdll\debug\vc142.pdb
e:\codes\softwaresecurity\injectdll\innjectdll\debug\vc142.idb
e:\codes\softwaresecurity\injectdll\innjectdll\debug\pch.obj
e:\codes\softwaresecurity\injectdll\innjectdll\debug\dllmain.obj
e:\codes\vs codes\softwaresecurity\injectdll\debug\injectdll.lib
e:\codes\vs codes\softwaresecurity\injectdll\debug\injectdll.exp
e:\codes\softwaresecurity\injectdll\debug\injectdll.lib
e:\codes\softwaresecurity\injectdll\debug\injectdll.exp
e:\codes\vs codes\softwaresecurity\injectdll\debug\injectdll.dll
e:\codes\vs codes\softwaresecurity\injectdll\debug\injectdll.ilk
e:\codes\vs codes\softwaresecurity\injectdll\debug\injectdll.pdb
e:\codes\softwaresecurity\injectdll\debug\injectdll.dll
e:\codes\softwaresecurity\injectdll\debug\injectdll.ilk
e:\codes\softwaresecurity\injectdll\debug\injectdll.pdb
e:\codes\softwaresecurity\injectdll\innjectdll\debug\injectdll.tlog\cl.command.1.tlog
e:\codes\softwaresecurity\injectdll\innjectdll\debug\injectdll.tlog\cl.read.1.tlog
e:\codes\softwaresecurity\injectdll\innjectdll\debug\injectdll.tlog\cl.write.1.tlog
e:\codes\softwaresecurity\injectdll\innjectdll\debug\injectdll.tlog\injectdll.write.1u.tlog
e:\codes\softwaresecurity\injectdll\innjectdll\debug\injectdll.tlog\link.100968.delete.1.tlog
e:\codes\softwaresecurity\injectdll\innjectdll\debug\injectdll.tlog\link.104408.delete.1.tlog
e:\codes\softwaresecurity\injectdll\innjectdll\debug\injectdll.tlog\link.108948.delete.1.tlog
e:\codes\softwaresecurity\injectdll\innjectdll\debug\injectdll.tlog\link.121868.delete.1.tlog
e:\codes\softwaresecurity\injectdll\innjectdll\debug\injectdll.tlog\link.74280.delete.1.tlog
e:\codes\softwaresecurity\injectdll\innjectdll\debug\injectdll.tlog\link.76352.delete.1.tlog
e:\codes\softwaresecurity\injectdll\innjectdll\debug\injectdll.tlog\link.80976.delete.1.tlog
e:\codes\softwaresecurity\injectdll\innjectdll\debug\injectdll.tlog\link.86040.delete.1.tlog
e:\codes\softwaresecurity\injectdll\innjectdll\debug\injectdll.tlog\link.89876.delete.1.tlog
e:\codes\softwaresecurity\injectdll\innjectdll\debug\injectdll.tlog\link.94904.delete.1.tlog
e:\codes\softwaresecurity\injectdll\innjectdll\debug\injectdll.tlog\link.97004.delete.1.tlog
e:\codes\softwaresecurity\injectdll\innjectdll\debug\injectdll.tlog\link.command.1.tlog
e:\codes\softwaresecurity\injectdll\innjectdll\debug\injectdll.tlog\link.read.1.tlog
e:\codes\softwaresecurity\injectdll\innjectdll\debug\injectdll.tlog\link.write.1.tlog
